The target system is: Linux -  - cortexa78c
The host system is: Linux - 6.8.0-51-generic - x86_64
Compiling the C compiler identification source file "CMakeCCompilerId.c" succeeded.
Compiler: /home/bk/Desktop/8295/sysroots/x86_64-oesdk-linux/usr/bin/aarch64-oe-linux/aarch64-oe-linux-gcc -mcpu=cortex-a78c;-march=armv8.2-a+crypto;-fstack-protector-strong;-pie;-fPIE;-D_FORTIFY_SOURCE=2;-Wa,--noexecstack;-Wformat;-Wformat-security;-Werror=format-security;--sysroot=/home/bk/Desktop/8295/sysroots/cortexa78c-oe-linux
Build flags: ;-O2;-fomit-frame-pointer;;;;-Wa,--noexecstack;-fexpensive-optimizations;;;-frename-registers;-ftree-vectorize;;;-finline-functions;-finline-limit=64;;;-Wno-error=maybe-uninitialized;-Wno-error=unused-result;;;;
Id flags:  

The output was:
0


Compilation of the C compiler identification source "CMakeCCompilerId.c" produced "a.out"

The C compiler identification is GNU, found in "/home/bk/Desktop/TRY/prod_button/data/CMakeFiles/3.22.3/CompilerIdC/a.out"

Detecting C compiler ABI info compiled with the following output:
Change Dir: /home/bk/Desktop/TRY/prod_button/data/CMakeFiles/CMakeTmp

Run Build Command(s):/usr/bin/gmake -f Makefile cmTC_10b7a/fast && /usr/bin/gmake  -f CMakeFiles/cmTC_10b7a.dir/build.make CMakeFiles/cmTC_10b7a.dir/build
gmake[1]: Entering directory '/home/bk/Desktop/TRY/prod_button/data/CMakeFiles/CMakeTmp'
Building C object CMakeFiles/cmTC_10b7a.dir/CMakeCCompilerABI.c.o
/home/bk/Desktop/8295/sysroots/x86_64-oesdk-linux/usr/bin/aarch64-oe-linux/aarch64-oe-linux-gcc   -mcpu=cortex-a78c -march=armv8.2-a+crypto -fstack-protector-strong -pie -fPIE -D_FORTIFY_SOURCE=2 -Wa,--noexecstack -Wformat -Wformat-security -Werror=format-security --sysroot=/home/bk/Desktop/8295/sysroots/cortexa78c-oe-linux --sysroot=/home/bk/Desktop/8295/sysroots/cortexa78c-oe-linux   -O2 -fomit-frame-pointer    -Wa,--noexecstack -fexpensive-optimizations   -frename-registers -ftree-vectorize   -finline-functions -finline-limit=64   -Wno-error=maybe-uninitialized -Wno-error=unused-result        -v -o CMakeFiles/cmTC_10b7a.dir/CMakeCCompilerABI.c.o -c /home/bk/Desktop/8295/sysroots/x86_64-oesdk-linux/usr/share/cmake-3.22/Modules/CMakeCCompilerABI.c
Using built-in specs.
COLLECT_AS_OPTIONS='--noexecstack' '--noexecstack'
COLLECT_GCC=/home/bk/Desktop/8295/sysroots/x86_64-oesdk-linux/usr/bin/aarch64-oe-linux/aarch64-oe-linux-gcc
Target: aarch64-oe-linux
Configured with: ../../../../../../work-shared/gcc-11.2.0-r0/gcc-11.2.0/configure --build=x86_64-linux --host=x86_64-oesdk-linux --target=aarch64-oe-linux --prefix=/usr/local/oe-sdk-hardcoded-buildpath/sysroots/x86_64-oesdk-linux/usr --exec_prefix=/usr/local/oe-sdk-hardcoded-buildpath/sysroots/x86_64-oesdk-linux/usr --bindir=/usr/local/oe-sdk-hardcoded-buildpath/sysroots/x86_64-oesdk-linux/usr/bin/aarch64-oe-linux --sbindir=/usr/local/oe-sdk-hardcoded-buildpath/sysroots/x86_64-oesdk-linux/usr/bin/aarch64-oe-linux --libexecdir=/usr/local/oe-sdk-hardcoded-buildpath/sysroots/x86_64-oesdk-linux/usr/libexec/aarch64-oe-linux --datadir=/usr/local/oe-sdk-hardcoded-buildpath/sysroots/x86_64-oesdk-linux/usr/share --sysconfdir=/usr/local/oe-sdk-hardcoded-buildpath/sysroots/x86_64-oesdk-linux/etc --sharedstatedir=/usr/local/oe-sdk-hardcoded-buildpath/sysroots/x86_64-oesdk-linux/com --localstatedir=/usr/local/oe-sdk-hardcoded-buildpath/sysroots/x86_64-oesdk-linux/var --libdir=/usr/local/oe-sdk-hardcoded-buildpath/sysroots/x86_64-oesdk-linux/usr/lib/aarch64-oe-linux --includedir=/usr/local/oe-sdk-hardcoded-buildpath/sysroots/x86_64-oesdk-linux/usr/include --oldincludedir=/usr/local/oe-sdk-hardcoded-buildpath/sysroots/x86_64-oesdk-linux/usr/include --infodir=/usr/local/oe-sdk-hardcoded-buildpath/sysroots/x86_64-oesdk-linux/usr/share/info --mandir=/usr/local/oe-sdk-hardcoded-buildpath/sysroots/x86_64-oesdk-linux/usr/share/man --disable-silent-rules --disable-dependency-tracking --with-libtool-sysroot=/home/T0037RU/Linux-2.1/sa8295p-hqx-4-5-5-0_hlos_dev_lv/lvgvm/apps_proc/poky/build/tmp-glibc/work/x86_64-nativesdk-oesdk-linux/gcc-cross-canadian-aarch64/11.2.0-r0/recipe-sysroot --with-gnu-ld --enable-shared --enable-languages=c,c++,fortran --enable-threads=posix --enable-multilib --enable-default-pie --enable-c99 --enable-long-long --enable-symvers=gnu --enable-libstdcxx-pch --program-prefix=aarch64-oe-linux- --without-local-prefix --disable-install-libiberty --disable-libssp --enable-libitm --enable-lto --disable-bootstrap --with-system-zlib --with-linker-hash-style=gnu --enable-linker-build-id --with-ppl=no --with-cloog=no --enable-checking=release --enable-cheaders=c_global --without-isl --with-gxx-include-dir=/not/exist/usr/include/c++/11.2.0 --with-build-time-tools=/home/T0037RU/Linux-2.1/sa8295p-hqx-4-5-5-0_hlos_dev_lv/lvgvm/apps_proc/poky/build/tmp-glibc/work/x86_64-nativesdk-oesdk-linux/gcc-cross-canadian-aarch64/11.2.0-r0/recipe-sysroot-native/usr/aarch64-oe-linux/bin --with-sysroot=/not/exist --with-build-sysroot=/home/T0037RU/Linux-2.1/sa8295p-hqx-4-5-5-0_hlos_dev_lv/lvgvm/apps_proc/poky/build/tmp-glibc/work/x86_64-nativesdk-oesdk-linux/gcc-cross-canadian-aarch64/11.2.0-r0/recipe-sysroot --enable-standard-branch-protection --enable-poison-system-directories --enable-nls --with-glibc-version=2.28 --enable-initfini-array --enable-__cxa_atexit
Thread model: posix
Supported LTO compression algorithms: zlib
gcc version 11.2.0 (GCC) 
COLLECT_GCC_OPTIONS='-mcpu=cortex-a78c' '-march=armv8.2-a+crypto' '-fstack-protector-strong' '-pie' '-fPIE' '-D' '_FORTIFY_SOURCE=2' '-Wformat=1' '-Wformat-security' '-Werror=format-security' '-O2' '-fomit-frame-pointer' '-fexpensive-optimizations' '-frename-registers' '-ftree-vectorize' '-finline-functions' '-finline-limit=64' '-Wno-error=maybe-uninitialized' '-Wno-error=unused-result' '-v' '-o' 'CMakeFiles/cmTC_10b7a.dir/CMakeCCompilerABI.c.o' '-c' '-mlittle-endian' '-mabi=lp64' '-dumpdir' 'CMakeFiles/cmTC_10b7a.dir/'
 /home/bk/Desktop/8295/sysroots/x86_64-oesdk-linux/usr/libexec/aarch64-oe-linux/gcc/aarch64-oe-linux/11.2.0/cc1 -quiet -v -isysroot /home/bk/Desktop/8295/sysroots/cortexa78c-oe-linux -D _FORTIFY_SOURCE=2 /home/bk/Desktop/8295/sysroots/x86_64-oesdk-linux/usr/share/cmake-3.22/Modules/CMakeCCompilerABI.c -quiet -dumpdir CMakeFiles/cmTC_10b7a.dir/ -dumpbase CMakeCCompilerABI.c.c -dumpbase-ext .c -mcpu=cortex-a78c -march=armv8.2-a+crypto -mlittle-endian -mabi=lp64 -O2 -Wformat=1 -Wformat-security -Werror=format-security -Wno-error=maybe-uninitialized -Wno-error=unused-result -version -fstack-protector-strong -fPIE -fomit-frame-pointer -fexpensive-optimizations -frename-registers -ftree-vectorize -finline-functions -finline-limit=64 -o /tmp/ccTfXiTw.s
GNU C17 (GCC) version 11.2.0 (aarch64-oe-linux)
	compiled by GNU C version 11.2.0, GMP version 6.2.1, MPFR version 4.1.0, MPC version 1.2.1, isl version none
GGC heuristics: --param ggc-min-expand=100 --param ggc-min-heapsize=131072
ignoring nonexistent directory "/home/bk/Desktop/8295/sysroots/cortexa78c-oe-linux/usr/local/include"
ignoring nonexistent directory "/home/bk/Desktop/8295/sysroots/x86_64-oesdk-linux/usr/lib/aarch64-oe-linux/gcc/aarch64-oe-linux/11.2.0/../../../../../aarch64-oe-linux/include"
#include "..." search starts here:
#include <...> search starts here:
 /home/bk/Desktop/8295/sysroots/x86_64-oesdk-linux/usr/lib/aarch64-oe-linux/gcc/aarch64-oe-linux/11.2.0/include
 /home/bk/Desktop/8295/sysroots/cortexa78c-oe-linux/usr/lib/aarch64-oe-linux/11.2.0/include
 /home/bk/Desktop/8295/sysroots/x86_64-oesdk-linux/usr/lib/aarch64-oe-linux/gcc/aarch64-oe-linux/11.2.0/include-fixed
 /home/bk/Desktop/8295/sysroots/cortexa78c-oe-linux/usr/include/
End of search list.
GNU C17 (GCC) version 11.2.0 (aarch64-oe-linux)
	compiled by GNU C version 11.2.0, GMP version 6.2.1, MPFR version 4.1.0, MPC version 1.2.1, isl version none
GGC heuristics: --param ggc-min-expand=100 --param ggc-min-heapsize=131072
Compiler executable checksum: 78c89c989dfda57a5648ff60edd65535
COLLECT_GCC_OPTIONS='-mcpu=cortex-a78c' '-march=armv8.2-a+crypto' '-fstack-protector-strong' '-pie' '-fPIE' '-D' '_FORTIFY_SOURCE=2' '-Wformat=1' '-Wformat-security' '-Werror=format-security' '-O2' '-fomit-frame-pointer' '-fexpensive-optimizations' '-frename-registers' '-ftree-vectorize' '-finline-functions' '-finline-limit=64' '-Wno-error=maybe-uninitialized' '-Wno-error=unused-result' '-v' '-o' 'CMakeFiles/cmTC_10b7a.dir/CMakeCCompilerABI.c.o' '-c' '-mlittle-endian' '-mabi=lp64' '-dumpdir' 'CMakeFiles/cmTC_10b7a.dir/'
 /home/bk/Desktop/8295/sysroots/x86_64-oesdk-linux/usr/libexec/aarch64-oe-linux/gcc/aarch64-oe-linux/11.2.0/as -v -EL -march=armv8.2-a+crypto -march=armv8.2-a+fp16+rcpc+dotprod+profile+ssbs+flagm+pauth -mabi=lp64 --noexecstack --noexecstack -o CMakeFiles/cmTC_10b7a.dir/CMakeCCompilerABI.c.o /tmp/ccTfXiTw.s
GNU assembler version 2.38 (aarch64-oe-linux) using BFD version (GNU Binutils) 2.38.20220313
COMPILER_PATH=/home/bk/Desktop/8295/sysroots/x86_64-oesdk-linux/usr/libexec/aarch64-oe-linux/gcc/aarch64-oe-linux/11.2.0/:/home/bk/Desktop/8295/sysroots/x86_64-oesdk-linux/usr/libexec/aarch64-oe-linux/gcc/aarch64-oe-linux/11.2.0/:/home/bk/Desktop/8295/sysroots/x86_64-oesdk-linux/usr/libexec/aarch64-oe-linux/gcc/aarch64-oe-linux/:/home/bk/Desktop/8295/sysroots/x86_64-oesdk-linux/usr/lib/aarch64-oe-linux/gcc/aarch64-oe-linux/11.2.0/:/home/bk/Desktop/8295/sysroots/x86_64-oesdk-linux/usr/lib/aarch64-oe-linux/gcc/aarch64-oe-linux/
LIBRARY_PATH=/home/bk/Desktop/8295/sysroots/x86_64-oesdk-linux/usr/lib/aarch64-oe-linux/gcc/aarch64-oe-linux/11.2.0/:/home/bk/Desktop/8295/sysroots/cortexa78c-oe-linux/lib/:/home/bk/Desktop/8295/sysroots/cortexa78c-oe-linux/usr/lib/aarch64-oe-linux/11.2.0/:/home/bk/Desktop/8295/sysroots/cortexa78c-oe-linux/usr/lib/
COLLECT_GCC_OPTIONS='-mcpu=cortex-a78c' '-march=armv8.2-a+crypto' '-fstack-protector-strong' '-pie' '-fPIE' '-D' '_FORTIFY_SOURCE=2' '-Wformat=1' '-Wformat-security' '-Werror=format-security' '-O2' '-fomit-frame-pointer' '-fexpensive-optimizations' '-frename-registers' '-ftree-vectorize' '-finline-functions' '-finline-limit=64' '-Wno-error=maybe-uninitialized' '-Wno-error=unused-result' '-v' '-o' 'CMakeFiles/cmTC_10b7a.dir/CMakeCCompilerABI.c.o' '-c' '-mlittle-endian' '-mabi=lp64' '-dumpdir' 'CMakeFiles/cmTC_10b7a.dir/CMakeCCompilerABI.c.'
Linking C executable cmTC_10b7a
/home/bk/Desktop/8295/sysroots/x86_64-oesdk-linux/usr/bin/cmake -E cmake_link_script CMakeFiles/cmTC_10b7a.dir/link.txt --verbose=1
/home/bk/Desktop/8295/sysroots/x86_64-oesdk-linux/usr/bin/aarch64-oe-linux/aarch64-oe-linux-gcc   -mcpu=cortex-a78c -march=armv8.2-a+crypto -fstack-protector-strong -pie -fPIE -D_FORTIFY_SOURCE=2 -Wa,--noexecstack -Wformat -Wformat-security -Werror=format-security --sysroot=/home/bk/Desktop/8295/sysroots/cortexa78c-oe-linux --sysroot=/home/bk/Desktop/8295/sysroots/cortexa78c-oe-linux  -O2 -fomit-frame-pointer    -Wa,--noexecstack -fexpensive-optimizations   -frename-registers -ftree-vectorize   -finline-functions -finline-limit=64   -Wno-error=maybe-uninitialized -Wno-error=unused-result      -Wl,-O1 -Wl,--hash-style=gnu -Wl,--as-needed  -Wl,-z,relro,-z,now,-z,noexecstack -v CMakeFiles/cmTC_10b7a.dir/CMakeCCompilerABI.c.o -o cmTC_10b7a 
Using built-in specs.
COLLECT_AS_OPTIONS='--noexecstack' '--noexecstack'
COLLECT_GCC=/home/bk/Desktop/8295/sysroots/x86_64-oesdk-linux/usr/bin/aarch64-oe-linux/aarch64-oe-linux-gcc
COLLECT_LTO_WRAPPER=/home/bk/Desktop/8295/sysroots/x86_64-oesdk-linux/usr/libexec/aarch64-oe-linux/gcc/aarch64-oe-linux/11.2.0/lto-wrapper
Target: aarch64-oe-linux
Configured with: ../../../../../../work-shared/gcc-11.2.0-r0/gcc-11.2.0/configure --build=x86_64-linux --host=x86_64-oesdk-linux --target=aarch64-oe-linux --prefix=/usr/local/oe-sdk-hardcoded-buildpath/sysroots/x86_64-oesdk-linux/usr --exec_prefix=/usr/local/oe-sdk-hardcoded-buildpath/sysroots/x86_64-oesdk-linux/usr --bindir=/usr/local/oe-sdk-hardcoded-buildpath/sysroots/x86_64-oesdk-linux/usr/bin/aarch64-oe-linux --sbindir=/usr/local/oe-sdk-hardcoded-buildpath/sysroots/x86_64-oesdk-linux/usr/bin/aarch64-oe-linux --libexecdir=/usr/local/oe-sdk-hardcoded-buildpath/sysroots/x86_64-oesdk-linux/usr/libexec/aarch64-oe-linux --datadir=/usr/local/oe-sdk-hardcoded-buildpath/sysroots/x86_64-oesdk-linux/usr/share --sysconfdir=/usr/local/oe-sdk-hardcoded-buildpath/sysroots/x86_64-oesdk-linux/etc --sharedstatedir=/usr/local/oe-sdk-hardcoded-buildpath/sysroots/x86_64-oesdk-linux/com --localstatedir=/usr/local/oe-sdk-hardcoded-buildpath/sysroots/x86_64-oesdk-linux/var --libdir=/usr/local/oe-sdk-hardcoded-buildpath/sysroots/x86_64-oesdk-linux/usr/lib/aarch64-oe-linux --includedir=/usr/local/oe-sdk-hardcoded-buildpath/sysroots/x86_64-oesdk-linux/usr/include --oldincludedir=/usr/local/oe-sdk-hardcoded-buildpath/sysroots/x86_64-oesdk-linux/usr/include --infodir=/usr/local/oe-sdk-hardcoded-buildpath/sysroots/x86_64-oesdk-linux/usr/share/info --mandir=/usr/local/oe-sdk-hardcoded-buildpath/sysroots/x86_64-oesdk-linux/usr/share/man --disable-silent-rules --disable-dependency-tracking --with-libtool-sysroot=/home/T0037RU/Linux-2.1/sa8295p-hqx-4-5-5-0_hlos_dev_lv/lvgvm/apps_proc/poky/build/tmp-glibc/work/x86_64-nativesdk-oesdk-linux/gcc-cross-canadian-aarch64/11.2.0-r0/recipe-sysroot --with-gnu-ld --enable-shared --enable-languages=c,c++,fortran --enable-threads=posix --enable-multilib --enable-default-pie --enable-c99 --enable-long-long --enable-symvers=gnu --enable-libstdcxx-pch --program-prefix=aarch64-oe-linux- --without-local-prefix --disable-install-libiberty --disable-libssp --enable-libitm --enable-lto --disable-bootstrap --with-system-zlib --with-linker-hash-style=gnu --enable-linker-build-id --with-ppl=no --with-cloog=no --enable-checking=release --enable-cheaders=c_global --without-isl --with-gxx-include-dir=/not/exist/usr/include/c++/11.2.0 --with-build-time-tools=/home/T0037RU/Linux-2.1/sa8295p-hqx-4-5-5-0_hlos_dev_lv/lvgvm/apps_proc/poky/build/tmp-glibc/work/x86_64-nativesdk-oesdk-linux/gcc-cross-canadian-aarch64/11.2.0-r0/recipe-sysroot-native/usr/aarch64-oe-linux/bin --with-sysroot=/not/exist --with-build-sysroot=/home/T0037RU/Linux-2.1/sa8295p-hqx-4-5-5-0_hlos_dev_lv/lvgvm/apps_proc/poky/build/tmp-glibc/work/x86_64-nativesdk-oesdk-linux/gcc-cross-canadian-aarch64/11.2.0-r0/recipe-sysroot --enable-standard-branch-protection --enable-poison-system-directories --enable-nls --with-glibc-version=2.28 --enable-initfini-array --enable-__cxa_atexit
Thread model: posix
Supported LTO compression algorithms: zlib
gcc version 11.2.0 (GCC) 
COMPILER_PATH=/home/bk/Desktop/8295/sysroots/x86_64-oesdk-linux/usr/libexec/aarch64-oe-linux/gcc/aarch64-oe-linux/11.2.0/:/home/bk/Desktop/8295/sysroots/x86_64-oesdk-linux/usr/libexec/aarch64-oe-linux/gcc/aarch64-oe-linux/11.2.0/:/home/bk/Desktop/8295/sysroots/x86_64-oesdk-linux/usr/libexec/aarch64-oe-linux/gcc/aarch64-oe-linux/:/home/bk/Desktop/8295/sysroots/x86_64-oesdk-linux/usr/lib/aarch64-oe-linux/gcc/aarch64-oe-linux/11.2.0/:/home/bk/Desktop/8295/sysroots/x86_64-oesdk-linux/usr/lib/aarch64-oe-linux/gcc/aarch64-oe-linux/
LIBRARY_PATH=/home/bk/Desktop/8295/sysroots/x86_64-oesdk-linux/usr/lib/aarch64-oe-linux/gcc/aarch64-oe-linux/11.2.0/:/home/bk/Desktop/8295/sysroots/cortexa78c-oe-linux/lib/:/home/bk/Desktop/8295/sysroots/cortexa78c-oe-linux/usr/lib/aarch64-oe-linux/11.2.0/:/home/bk/Desktop/8295/sysroots/cortexa78c-oe-linux/usr/lib/
COLLECT_GCC_OPTIONS='-mcpu=cortex-a78c' '-march=armv8.2-a+crypto' '-fstack-protector-strong' '-pie' '-fPIE' '-D' '_FORTIFY_SOURCE=2' '-Wformat=1' '-Wformat-security' '-Werror=format-security' '-O2' '-fomit-frame-pointer' '-fexpensive-optimizations' '-frename-registers' '-ftree-vectorize' '-finline-functions' '-finline-limit=64' '-Wno-error=maybe-uninitialized' '-Wno-error=unused-result' '-v' '-o' 'cmTC_10b7a' '-mlittle-endian' '-mabi=lp64' '-dumpdir' 'cmTC_10b7a.'
 /home/bk/Desktop/8295/sysroots/x86_64-oesdk-linux/usr/libexec/aarch64-oe-linux/gcc/aarch64-oe-linux/11.2.0/collect2 -plugin /home/bk/Desktop/8295/sysroots/x86_64-oesdk-linux/usr/libexec/aarch64-oe-linux/gcc/aarch64-oe-linux/11.2.0/liblto_plugin.so -plugin-opt=/home/bk/Desktop/8295/sysroots/x86_64-oesdk-linux/usr/libexec/aarch64-oe-linux/gcc/aarch64-oe-linux/11.2.0/lto-wrapper -plugin-opt=-fresolution=/tmp/ccSwRIWo.res -plugin-opt=-pass-through=-lgcc -plugin-opt=-pass-through=-lgcc_s -plugin-opt=-pass-through=-lc -plugin-opt=-pass-through=-lgcc -plugin-opt=-pass-through=-lgcc_s --sysroot=/home/bk/Desktop/8295/sysroots/cortexa78c-oe-linux --build-id --eh-frame-hdr --hash-style=gnu -dynamic-linker /lib/ld-linux-aarch64.so.1 -X -EL -maarch64linux -pie -o cmTC_10b7a /home/bk/Desktop/8295/sysroots/cortexa78c-oe-linux/usr/lib/Scrt1.o /home/bk/Desktop/8295/sysroots/cortexa78c-oe-linux/usr/lib/crti.o /home/bk/Desktop/8295/sysroots/cortexa78c-oe-linux/usr/lib/aarch64-oe-linux/11.2.0/crtbeginS.o -L/home/bk/Desktop/8295/sysroots/x86_64-oesdk-linux/usr/lib/aarch64-oe-linux/gcc/aarch64-oe-linux/11.2.0 -L/home/bk/Desktop/8295/sysroots/cortexa78c-oe-linux/lib -L/home/bk/Desktop/8295/sysroots/cortexa78c-oe-linux/usr/lib/aarch64-oe-linux/11.2.0 -L/home/bk/Desktop/8295/sysroots/cortexa78c-oe-linux/usr/lib -O1 --hash-style=gnu --as-needed -z relro -z now -z noexecstack CMakeFiles/cmTC_10b7a.dir/CMakeCCompilerABI.c.o -lgcc --push-state --as-needed -lgcc_s --pop-state -lc -lgcc --push-state --as-needed -lgcc_s --pop-state /home/bk/Desktop/8295/sysroots/cortexa78c-oe-linux/usr/lib/aarch64-oe-linux/11.2.0/crtendS.o /home/bk/Desktop/8295/sysroots/cortexa78c-oe-linux/usr/lib/crtn.o
COLLECT_GCC_OPTIONS='-mcpu=cortex-a78c' '-march=armv8.2-a+crypto' '-fstack-protector-strong' '-pie' '-fPIE' '-D' '_FORTIFY_SOURCE=2' '-Wformat=1' '-Wformat-security' '-Werror=format-security' '-O2' '-fomit-frame-pointer' '-fexpensive-optimizations' '-frename-registers' '-ftree-vectorize' '-finline-functions' '-finline-limit=64' '-Wno-error=maybe-uninitialized' '-Wno-error=unused-result' '-v' '-o' 'cmTC_10b7a' '-mlittle-endian' '-mabi=lp64' '-dumpdir' 'cmTC_10b7a.'
gmake[1]: Leaving directory '/home/bk/Desktop/TRY/prod_button/data/CMakeFiles/CMakeTmp'



Parsed C implicit include dir info from above output: rv=done
  found start of include info
  found start of implicit include info
    add: [/home/bk/Desktop/8295/sysroots/x86_64-oesdk-linux/usr/lib/aarch64-oe-linux/gcc/aarch64-oe-linux/11.2.0/include]
    add: [/home/bk/Desktop/8295/sysroots/cortexa78c-oe-linux/usr/lib/aarch64-oe-linux/11.2.0/include]
    add: [/home/bk/Desktop/8295/sysroots/x86_64-oesdk-linux/usr/lib/aarch64-oe-linux/gcc/aarch64-oe-linux/11.2.0/include-fixed]
    add: [/home/bk/Desktop/8295/sysroots/cortexa78c-oe-linux/usr/include/]
  end of search list found
  collapse include dir [/home/bk/Desktop/8295/sysroots/x86_64-oesdk-linux/usr/lib/aarch64-oe-linux/gcc/aarch64-oe-linux/11.2.0/include] ==> [/home/bk/Desktop/8295/sysroots/x86_64-oesdk-linux/usr/lib/aarch64-oe-linux/gcc/aarch64-oe-linux/11.2.0/include]
  collapse include dir [/home/bk/Desktop/8295/sysroots/cortexa78c-oe-linux/usr/lib/aarch64-oe-linux/11.2.0/include] ==> [/home/bk/Desktop/8295/sysroots/cortexa78c-oe-linux/usr/lib/aarch64-oe-linux/11.2.0/include]
  collapse include dir [/home/bk/Desktop/8295/sysroots/x86_64-oesdk-linux/usr/lib/aarch64-oe-linux/gcc/aarch64-oe-linux/11.2.0/include-fixed] ==> [/home/bk/Desktop/8295/sysroots/x86_64-oesdk-linux/usr/lib/aarch64-oe-linux/gcc/aarch64-oe-linux/11.2.0/include-fixed]
  collapse include dir [/home/bk/Desktop/8295/sysroots/cortexa78c-oe-linux/usr/include/] ==> [/home/bk/Desktop/8295/sysroots/cortexa78c-oe-linux/usr/include]
  implicit include dirs: [/home/bk/Desktop/8295/sysroots/x86_64-oesdk-linux/usr/lib/aarch64-oe-linux/gcc/aarch64-oe-linux/11.2.0/include;/home/bk/Desktop/8295/sysroots/cortexa78c-oe-linux/usr/lib/aarch64-oe-linux/11.2.0/include;/home/bk/Desktop/8295/sysroots/x86_64-oesdk-linux/usr/lib/aarch64-oe-linux/gcc/aarch64-oe-linux/11.2.0/include-fixed;/home/bk/Desktop/8295/sysroots/cortexa78c-oe-linux/usr/include]


Parsed C implicit link information from above output:
  link line regex: [^( *|.*[/\])(aarch64-oe-linux-ld|CMAKE_LINK_STARTFILE-NOTFOUND|([^/\]+-)?ld|collect2)[^/\]*( |$)]
  ignore line: [Change Dir: /home/bk/Desktop/TRY/prod_button/data/CMakeFiles/CMakeTmp]
  ignore line: []
  ignore line: [Run Build Command(s):/usr/bin/gmake -f Makefile cmTC_10b7a/fast && /usr/bin/gmake  -f CMakeFiles/cmTC_10b7a.dir/build.make CMakeFiles/cmTC_10b7a.dir/build]
  ignore line: [gmake[1]: Entering directory '/home/bk/Desktop/TRY/prod_button/data/CMakeFiles/CMakeTmp']
  ignore line: [Building C object CMakeFiles/cmTC_10b7a.dir/CMakeCCompilerABI.c.o]
  ignore line: [/home/bk/Desktop/8295/sysroots/x86_64-oesdk-linux/usr/bin/aarch64-oe-linux/aarch64-oe-linux-gcc   -mcpu=cortex-a78c -march=armv8.2-a+crypto -fstack-protector-strong -pie -fPIE -D_FORTIFY_SOURCE=2 -Wa --noexecstack -Wformat -Wformat-security -Werror=format-security --sysroot=/home/bk/Desktop/8295/sysroots/cortexa78c-oe-linux --sysroot=/home/bk/Desktop/8295/sysroots/cortexa78c-oe-linux   -O2 -fomit-frame-pointer    -Wa --noexecstack -fexpensive-optimizations   -frename-registers -ftree-vectorize   -finline-functions -finline-limit=64   -Wno-error=maybe-uninitialized -Wno-error=unused-result        -v -o CMakeFiles/cmTC_10b7a.dir/CMakeCCompilerABI.c.o -c /home/bk/Desktop/8295/sysroots/x86_64-oesdk-linux/usr/share/cmake-3.22/Modules/CMakeCCompilerABI.c]
  ignore line: [Using built-in specs.]
  ignore line: [COLLECT_AS_OPTIONS='--noexecstack' '--noexecstack']
  ignore line: [COLLECT_GCC=/home/bk/Desktop/8295/sysroots/x86_64-oesdk-linux/usr/bin/aarch64-oe-linux/aarch64-oe-linux-gcc]
  ignore line: [Target: aarch64-oe-linux]
  ignore line: [Configured with: ../../../../../../work-shared/gcc-11.2.0-r0/gcc-11.2.0/configure --build=x86_64-linux --host=x86_64-oesdk-linux --target=aarch64-oe-linux --prefix=/usr/local/oe-sdk-hardcoded-buildpath/sysroots/x86_64-oesdk-linux/usr --exec_prefix=/usr/local/oe-sdk-hardcoded-buildpath/sysroots/x86_64-oesdk-linux/usr --bindir=/usr/local/oe-sdk-hardcoded-buildpath/sysroots/x86_64-oesdk-linux/usr/bin/aarch64-oe-linux --sbindir=/usr/local/oe-sdk-hardcoded-buildpath/sysroots/x86_64-oesdk-linux/usr/bin/aarch64-oe-linux --libexecdir=/usr/local/oe-sdk-hardcoded-buildpath/sysroots/x86_64-oesdk-linux/usr/libexec/aarch64-oe-linux --datadir=/usr/local/oe-sdk-hardcoded-buildpath/sysroots/x86_64-oesdk-linux/usr/share --sysconfdir=/usr/local/oe-sdk-hardcoded-buildpath/sysroots/x86_64-oesdk-linux/etc --sharedstatedir=/usr/local/oe-sdk-hardcoded-buildpath/sysroots/x86_64-oesdk-linux/com --localstatedir=/usr/local/oe-sdk-hardcoded-buildpath/sysroots/x86_64-oesdk-linux/var --libdir=/usr/local/oe-sdk-hardcoded-buildpath/sysroots/x86_64-oesdk-linux/usr/lib/aarch64-oe-linux --includedir=/usr/local/oe-sdk-hardcoded-buildpath/sysroots/x86_64-oesdk-linux/usr/include --oldincludedir=/usr/local/oe-sdk-hardcoded-buildpath/sysroots/x86_64-oesdk-linux/usr/include --infodir=/usr/local/oe-sdk-hardcoded-buildpath/sysroots/x86_64-oesdk-linux/usr/share/info --mandir=/usr/local/oe-sdk-hardcoded-buildpath/sysroots/x86_64-oesdk-linux/usr/share/man --disable-silent-rules --disable-dependency-tracking --with-libtool-sysroot=/home/T0037RU/Linux-2.1/sa8295p-hqx-4-5-5-0_hlos_dev_lv/lvgvm/apps_proc/poky/build/tmp-glibc/work/x86_64-nativesdk-oesdk-linux/gcc-cross-canadian-aarch64/11.2.0-r0/recipe-sysroot --with-gnu-ld --enable-shared --enable-languages=c,c++,fortran --enable-threads=posix --enable-multilib --enable-default-pie --enable-c99 --enable-long-long --enable-symvers=gnu --enable-libstdcxx-pch --program-prefix=aarch64-oe-linux- --without-local-prefix --disable-install-libiberty --disable-libssp --enable-libitm --enable-lto --disable-bootstrap --with-system-zlib --with-linker-hash-style=gnu --enable-linker-build-id --with-ppl=no --with-cloog=no --enable-checking=release --enable-cheaders=c_global --without-isl --with-gxx-include-dir=/not/exist/usr/include/c++/11.2.0 --with-build-time-tools=/home/T0037RU/Linux-2.1/sa8295p-hqx-4-5-5-0_hlos_dev_lv/lvgvm/apps_proc/poky/build/tmp-glibc/work/x86_64-nativesdk-oesdk-linux/gcc-cross-canadian-aarch64/11.2.0-r0/recipe-sysroot-native/usr/aarch64-oe-linux/bin --with-sysroot=/not/exist --with-build-sysroot=/home/T0037RU/Linux-2.1/sa8295p-hqx-4-5-5-0_hlos_dev_lv/lvgvm/apps_proc/poky/build/tmp-glibc/work/x86_64-nativesdk-oesdk-linux/gcc-cross-canadian-aarch64/11.2.0-r0/recipe-sysroot --enable-standard-branch-protection --enable-poison-system-directories --enable-nls --with-glibc-version=2.28 --enable-initfini-array --enable-__cxa_atexit]
  ignore line: [Thread model: posix]
  ignore line: [Supported LTO compression algorithms: zlib]
  ignore line: [gcc version 11.2.0 (GCC) ]
  ignore line: [COLLECT_GCC_OPTIONS='-mcpu=cortex-a78c' '-march=armv8.2-a+crypto' '-fstack-protector-strong' '-pie' '-fPIE' '-D' '_FORTIFY_SOURCE=2' '-Wformat=1' '-Wformat-security' '-Werror=format-security' '-O2' '-fomit-frame-pointer' '-fexpensive-optimizations' '-frename-registers' '-ftree-vectorize' '-finline-functions' '-finline-limit=64' '-Wno-error=maybe-uninitialized' '-Wno-error=unused-result' '-v' '-o' 'CMakeFiles/cmTC_10b7a.dir/CMakeCCompilerABI.c.o' '-c' '-mlittle-endian' '-mabi=lp64' '-dumpdir' 'CMakeFiles/cmTC_10b7a.dir/']
  ignore line: [ /home/bk/Desktop/8295/sysroots/x86_64-oesdk-linux/usr/libexec/aarch64-oe-linux/gcc/aarch64-oe-linux/11.2.0/cc1 -quiet -v -isysroot /home/bk/Desktop/8295/sysroots/cortexa78c-oe-linux -D _FORTIFY_SOURCE=2 /home/bk/Desktop/8295/sysroots/x86_64-oesdk-linux/usr/share/cmake-3.22/Modules/CMakeCCompilerABI.c -quiet -dumpdir CMakeFiles/cmTC_10b7a.dir/ -dumpbase CMakeCCompilerABI.c.c -dumpbase-ext .c -mcpu=cortex-a78c -march=armv8.2-a+crypto -mlittle-endian -mabi=lp64 -O2 -Wformat=1 -Wformat-security -Werror=format-security -Wno-error=maybe-uninitialized -Wno-error=unused-result -version -fstack-protector-strong -fPIE -fomit-frame-pointer -fexpensive-optimizations -frename-registers -ftree-vectorize -finline-functions -finline-limit=64 -o /tmp/ccTfXiTw.s]
  ignore line: [GNU C17 (GCC) version 11.2.0 (aarch64-oe-linux)]
  ignore line: [	compiled by GNU C version 11.2.0  GMP version 6.2.1  MPFR version 4.1.0  MPC version 1.2.1  isl version none]
  ignore line: [GGC heuristics: --param ggc-min-expand=100 --param ggc-min-heapsize=131072]
  ignore line: [ignoring nonexistent directory "/home/bk/Desktop/8295/sysroots/cortexa78c-oe-linux/usr/local/include"]
  ignore line: [ignoring nonexistent directory "/home/bk/Desktop/8295/sysroots/x86_64-oesdk-linux/usr/lib/aarch64-oe-linux/gcc/aarch64-oe-linux/11.2.0/../../../../../aarch64-oe-linux/include"]
  ignore line: [#include "..." search starts here:]
  ignore line: [#include <...> search starts here:]
  ignore line: [ /home/bk/Desktop/8295/sysroots/x86_64-oesdk-linux/usr/lib/aarch64-oe-linux/gcc/aarch64-oe-linux/11.2.0/include]
  ignore line: [ /home/bk/Desktop/8295/sysroots/cortexa78c-oe-linux/usr/lib/aarch64-oe-linux/11.2.0/include]
  ignore line: [ /home/bk/Desktop/8295/sysroots/x86_64-oesdk-linux/usr/lib/aarch64-oe-linux/gcc/aarch64-oe-linux/11.2.0/include-fixed]
  ignore line: [ /home/bk/Desktop/8295/sysroots/cortexa78c-oe-linux/usr/include/]
  ignore line: [End of search list.]
  ignore line: [GNU C17 (GCC) version 11.2.0 (aarch64-oe-linux)]
  ignore line: [	compiled by GNU C version 11.2.0  GMP version 6.2.1  MPFR version 4.1.0  MPC version 1.2.1  isl version none]
  ignore line: [GGC heuristics: --param ggc-min-expand=100 --param ggc-min-heapsize=131072]
  ignore line: [Compiler executable checksum: 78c89c989dfda57a5648ff60edd65535]
  ignore line: [COLLECT_GCC_OPTIONS='-mcpu=cortex-a78c' '-march=armv8.2-a+crypto' '-fstack-protector-strong' '-pie' '-fPIE' '-D' '_FORTIFY_SOURCE=2' '-Wformat=1' '-Wformat-security' '-Werror=format-security' '-O2' '-fomit-frame-pointer' '-fexpensive-optimizations' '-frename-registers' '-ftree-vectorize' '-finline-functions' '-finline-limit=64' '-Wno-error=maybe-uninitialized' '-Wno-error=unused-result' '-v' '-o' 'CMakeFiles/cmTC_10b7a.dir/CMakeCCompilerABI.c.o' '-c' '-mlittle-endian' '-mabi=lp64' '-dumpdir' 'CMakeFiles/cmTC_10b7a.dir/']
  ignore line: [ /home/bk/Desktop/8295/sysroots/x86_64-oesdk-linux/usr/libexec/aarch64-oe-linux/gcc/aarch64-oe-linux/11.2.0/as -v -EL -march=armv8.2-a+crypto -march=armv8.2-a+fp16+rcpc+dotprod+profile+ssbs+flagm+pauth -mabi=lp64 --noexecstack --noexecstack -o CMakeFiles/cmTC_10b7a.dir/CMakeCCompilerABI.c.o /tmp/ccTfXiTw.s]
  ignore line: [GNU assembler version 2.38 (aarch64-oe-linux) using BFD version (GNU Binutils) 2.38.20220313]
  ignore line: [COMPILER_PATH=/home/bk/Desktop/8295/sysroots/x86_64-oesdk-linux/usr/libexec/aarch64-oe-linux/gcc/aarch64-oe-linux/11.2.0/:/home/bk/Desktop/8295/sysroots/x86_64-oesdk-linux/usr/libexec/aarch64-oe-linux/gcc/aarch64-oe-linux/11.2.0/:/home/bk/Desktop/8295/sysroots/x86_64-oesdk-linux/usr/libexec/aarch64-oe-linux/gcc/aarch64-oe-linux/:/home/bk/Desktop/8295/sysroots/x86_64-oesdk-linux/usr/lib/aarch64-oe-linux/gcc/aarch64-oe-linux/11.2.0/:/home/bk/Desktop/8295/sysroots/x86_64-oesdk-linux/usr/lib/aarch64-oe-linux/gcc/aarch64-oe-linux/]
  ignore line: [LIBRARY_PATH=/home/bk/Desktop/8295/sysroots/x86_64-oesdk-linux/usr/lib/aarch64-oe-linux/gcc/aarch64-oe-linux/11.2.0/:/home/bk/Desktop/8295/sysroots/cortexa78c-oe-linux/lib/:/home/bk/Desktop/8295/sysroots/cortexa78c-oe-linux/usr/lib/aarch64-oe-linux/11.2.0/:/home/bk/Desktop/8295/sysroots/cortexa78c-oe-linux/usr/lib/]
  ignore line: [COLLECT_GCC_OPTIONS='-mcpu=cortex-a78c' '-march=armv8.2-a+crypto' '-fstack-protector-strong' '-pie' '-fPIE' '-D' '_FORTIFY_SOURCE=2' '-Wformat=1' '-Wformat-security' '-Werror=format-security' '-O2' '-fomit-frame-pointer' '-fexpensive-optimizations' '-frename-registers' '-ftree-vectorize' '-finline-functions' '-finline-limit=64' '-Wno-error=maybe-uninitialized' '-Wno-error=unused-result' '-v' '-o' 'CMakeFiles/cmTC_10b7a.dir/CMakeCCompilerABI.c.o' '-c' '-mlittle-endian' '-mabi=lp64' '-dumpdir' 'CMakeFiles/cmTC_10b7a.dir/CMakeCCompilerABI.c.']
  ignore line: [Linking C executable cmTC_10b7a]
  ignore line: [/home/bk/Desktop/8295/sysroots/x86_64-oesdk-linux/usr/bin/cmake -E cmake_link_script CMakeFiles/cmTC_10b7a.dir/link.txt --verbose=1]
  ignore line: [/home/bk/Desktop/8295/sysroots/x86_64-oesdk-linux/usr/bin/aarch64-oe-linux/aarch64-oe-linux-gcc   -mcpu=cortex-a78c -march=armv8.2-a+crypto -fstack-protector-strong -pie -fPIE -D_FORTIFY_SOURCE=2 -Wa --noexecstack -Wformat -Wformat-security -Werror=format-security --sysroot=/home/bk/Desktop/8295/sysroots/cortexa78c-oe-linux --sysroot=/home/bk/Desktop/8295/sysroots/cortexa78c-oe-linux  -O2 -fomit-frame-pointer    -Wa --noexecstack -fexpensive-optimizations   -frename-registers -ftree-vectorize   -finline-functions -finline-limit=64   -Wno-error=maybe-uninitialized -Wno-error=unused-result      -Wl -O1 -Wl --hash-style=gnu -Wl --as-needed  -Wl -z relro -z now -z noexecstack -v CMakeFiles/cmTC_10b7a.dir/CMakeCCompilerABI.c.o -o cmTC_10b7a ]
  ignore line: [Using built-in specs.]
  ignore line: [COLLECT_AS_OPTIONS='--noexecstack' '--noexecstack']
  ignore line: [COLLECT_GCC=/home/bk/Desktop/8295/sysroots/x86_64-oesdk-linux/usr/bin/aarch64-oe-linux/aarch64-oe-linux-gcc]
  ignore line: [COLLECT_LTO_WRAPPER=/home/bk/Desktop/8295/sysroots/x86_64-oesdk-linux/usr/libexec/aarch64-oe-linux/gcc/aarch64-oe-linux/11.2.0/lto-wrapper]
  ignore line: [Target: aarch64-oe-linux]
  ignore line: [Configured with: ../../../../../../work-shared/gcc-11.2.0-r0/gcc-11.2.0/configure --build=x86_64-linux --host=x86_64-oesdk-linux --target=aarch64-oe-linux --prefix=/usr/local/oe-sdk-hardcoded-buildpath/sysroots/x86_64-oesdk-linux/usr --exec_prefix=/usr/local/oe-sdk-hardcoded-buildpath/sysroots/x86_64-oesdk-linux/usr --bindir=/usr/local/oe-sdk-hardcoded-buildpath/sysroots/x86_64-oesdk-linux/usr/bin/aarch64-oe-linux --sbindir=/usr/local/oe-sdk-hardcoded-buildpath/sysroots/x86_64-oesdk-linux/usr/bin/aarch64-oe-linux --libexecdir=/usr/local/oe-sdk-hardcoded-buildpath/sysroots/x86_64-oesdk-linux/usr/libexec/aarch64-oe-linux --datadir=/usr/local/oe-sdk-hardcoded-buildpath/sysroots/x86_64-oesdk-linux/usr/share --sysconfdir=/usr/local/oe-sdk-hardcoded-buildpath/sysroots/x86_64-oesdk-linux/etc --sharedstatedir=/usr/local/oe-sdk-hardcoded-buildpath/sysroots/x86_64-oesdk-linux/com --localstatedir=/usr/local/oe-sdk-hardcoded-buildpath/sysroots/x86_64-oesdk-linux/var --libdir=/usr/local/oe-sdk-hardcoded-buildpath/sysroots/x86_64-oesdk-linux/usr/lib/aarch64-oe-linux --includedir=/usr/local/oe-sdk-hardcoded-buildpath/sysroots/x86_64-oesdk-linux/usr/include --oldincludedir=/usr/local/oe-sdk-hardcoded-buildpath/sysroots/x86_64-oesdk-linux/usr/include --infodir=/usr/local/oe-sdk-hardcoded-buildpath/sysroots/x86_64-oesdk-linux/usr/share/info --mandir=/usr/local/oe-sdk-hardcoded-buildpath/sysroots/x86_64-oesdk-linux/usr/share/man --disable-silent-rules --disable-dependency-tracking --with-libtool-sysroot=/home/T0037RU/Linux-2.1/sa8295p-hqx-4-5-5-0_hlos_dev_lv/lvgvm/apps_proc/poky/build/tmp-glibc/work/x86_64-nativesdk-oesdk-linux/gcc-cross-canadian-aarch64/11.2.0-r0/recipe-sysroot --with-gnu-ld --enable-shared --enable-languages=c,c++,fortran --enable-threads=posix --enable-multilib --enable-default-pie --enable-c99 --enable-long-long --enable-symvers=gnu --enable-libstdcxx-pch --program-prefix=aarch64-oe-linux- --without-local-prefix --disable-install-libiberty --disable-libssp --enable-libitm --enable-lto --disable-bootstrap --with-system-zlib --with-linker-hash-style=gnu --enable-linker-build-id --with-ppl=no --with-cloog=no --enable-checking=release --enable-cheaders=c_global --without-isl --with-gxx-include-dir=/not/exist/usr/include/c++/11.2.0 --with-build-time-tools=/home/T0037RU/Linux-2.1/sa8295p-hqx-4-5-5-0_hlos_dev_lv/lvgvm/apps_proc/poky/build/tmp-glibc/work/x86_64-nativesdk-oesdk-linux/gcc-cross-canadian-aarch64/11.2.0-r0/recipe-sysroot-native/usr/aarch64-oe-linux/bin --with-sysroot=/not/exist --with-build-sysroot=/home/T0037RU/Linux-2.1/sa8295p-hqx-4-5-5-0_hlos_dev_lv/lvgvm/apps_proc/poky/build/tmp-glibc/work/x86_64-nativesdk-oesdk-linux/gcc-cross-canadian-aarch64/11.2.0-r0/recipe-sysroot --enable-standard-branch-protection --enable-poison-system-directories --enable-nls --with-glibc-version=2.28 --enable-initfini-array --enable-__cxa_atexit]
  ignore line: [Thread model: posix]
  ignore line: [Supported LTO compression algorithms: zlib]
  ignore line: [gcc version 11.2.0 (GCC) ]
  ignore line: [COMPILER_PATH=/home/bk/Desktop/8295/sysroots/x86_64-oesdk-linux/usr/libexec/aarch64-oe-linux/gcc/aarch64-oe-linux/11.2.0/:/home/bk/Desktop/8295/sysroots/x86_64-oesdk-linux/usr/libexec/aarch64-oe-linux/gcc/aarch64-oe-linux/11.2.0/:/home/bk/Desktop/8295/sysroots/x86_64-oesdk-linux/usr/libexec/aarch64-oe-linux/gcc/aarch64-oe-linux/:/home/bk/Desktop/8295/sysroots/x86_64-oesdk-linux/usr/lib/aarch64-oe-linux/gcc/aarch64-oe-linux/11.2.0/:/home/bk/Desktop/8295/sysroots/x86_64-oesdk-linux/usr/lib/aarch64-oe-linux/gcc/aarch64-oe-linux/]
  ignore line: [LIBRARY_PATH=/home/bk/Desktop/8295/sysroots/x86_64-oesdk-linux/usr/lib/aarch64-oe-linux/gcc/aarch64-oe-linux/11.2.0/:/home/bk/Desktop/8295/sysroots/cortexa78c-oe-linux/lib/:/home/bk/Desktop/8295/sysroots/cortexa78c-oe-linux/usr/lib/aarch64-oe-linux/11.2.0/:/home/bk/Desktop/8295/sysroots/cortexa78c-oe-linux/usr/lib/]
  ignore line: [COLLECT_GCC_OPTIONS='-mcpu=cortex-a78c' '-march=armv8.2-a+crypto' '-fstack-protector-strong' '-pie' '-fPIE' '-D' '_FORTIFY_SOURCE=2' '-Wformat=1' '-Wformat-security' '-Werror=format-security' '-O2' '-fomit-frame-pointer' '-fexpensive-optimizations' '-frename-registers' '-ftree-vectorize' '-finline-functions' '-finline-limit=64' '-Wno-error=maybe-uninitialized' '-Wno-error=unused-result' '-v' '-o' 'cmTC_10b7a' '-mlittle-endian' '-mabi=lp64' '-dumpdir' 'cmTC_10b7a.']
  link line: [ /home/bk/Desktop/8295/sysroots/x86_64-oesdk-linux/usr/libexec/aarch64-oe-linux/gcc/aarch64-oe-linux/11.2.0/collect2 -plugin /home/bk/Desktop/8295/sysroots/x86_64-oesdk-linux/usr/libexec/aarch64-oe-linux/gcc/aarch64-oe-linux/11.2.0/liblto_plugin.so -plugin-opt=/home/bk/Desktop/8295/sysroots/x86_64-oesdk-linux/usr/libexec/aarch64-oe-linux/gcc/aarch64-oe-linux/11.2.0/lto-wrapper -plugin-opt=-fresolution=/tmp/ccSwRIWo.res -plugin-opt=-pass-through=-lgcc -plugin-opt=-pass-through=-lgcc_s -plugin-opt=-pass-through=-lc -plugin-opt=-pass-through=-lgcc -plugin-opt=-pass-through=-lgcc_s --sysroot=/home/bk/Desktop/8295/sysroots/cortexa78c-oe-linux --build-id --eh-frame-hdr --hash-style=gnu -dynamic-linker /lib/ld-linux-aarch64.so.1 -X -EL -maarch64linux -pie -o cmTC_10b7a /home/bk/Desktop/8295/sysroots/cortexa78c-oe-linux/usr/lib/Scrt1.o /home/bk/Desktop/8295/sysroots/cortexa78c-oe-linux/usr/lib/crti.o /home/bk/Desktop/8295/sysroots/cortexa78c-oe-linux/usr/lib/aarch64-oe-linux/11.2.0/crtbeginS.o -L/home/bk/Desktop/8295/sysroots/x86_64-oesdk-linux/usr/lib/aarch64-oe-linux/gcc/aarch64-oe-linux/11.2.0 -L/home/bk/Desktop/8295/sysroots/cortexa78c-oe-linux/lib -L/home/bk/Desktop/8295/sysroots/cortexa78c-oe-linux/usr/lib/aarch64-oe-linux/11.2.0 -L/home/bk/Desktop/8295/sysroots/cortexa78c-oe-linux/usr/lib -O1 --hash-style=gnu --as-needed -z relro -z now -z noexecstack CMakeFiles/cmTC_10b7a.dir/CMakeCCompilerABI.c.o -lgcc --push-state --as-needed -lgcc_s --pop-state -lc -lgcc --push-state --as-needed -lgcc_s --pop-state /home/bk/Desktop/8295/sysroots/cortexa78c-oe-linux/usr/lib/aarch64-oe-linux/11.2.0/crtendS.o /home/bk/Desktop/8295/sysroots/cortexa78c-oe-linux/usr/lib/crtn.o]
    arg [/home/bk/Desktop/8295/sysroots/x86_64-oesdk-linux/usr/libexec/aarch64-oe-linux/gcc/aarch64-oe-linux/11.2.0/collect2] ==> ignore
    arg [-plugin] ==> ignore
    arg [/home/bk/Desktop/8295/sysroots/x86_64-oesdk-linux/usr/libexec/aarch64-oe-linux/gcc/aarch64-oe-linux/11.2.0/liblto_plugin.so] ==> ignore
    arg [-plugin-opt=/home/bk/Desktop/8295/sysroots/x86_64-oesdk-linux/usr/libexec/aarch64-oe-linux/gcc/aarch64-oe-linux/11.2.0/lto-wrapper] ==> ignore
    arg [-plugin-opt=-fresolution=/tmp/ccSwRIWo.res] ==> ignore
    arg [-plugin-opt=-pass-through=-lgcc] ==> ignore
    arg [-plugin-opt=-pass-through=-lgcc_s] ==> ignore
    arg [-plugin-opt=-pass-through=-lc] ==> ignore
    arg [-plugin-opt=-pass-through=-lgcc] ==> ignore
    arg [-plugin-opt=-pass-through=-lgcc_s] ==> ignore
    arg [--sysroot=/home/bk/Desktop/8295/sysroots/cortexa78c-oe-linux] ==> ignore
    arg [--build-id] ==> ignore
    arg [--eh-frame-hdr] ==> ignore
    arg [--hash-style=gnu] ==> ignore
    arg [-dynamic-linker] ==> ignore
    arg [/lib/ld-linux-aarch64.so.1] ==> ignore
    arg [-X] ==> ignore
    arg [-EL] ==> ignore
    arg [-maarch64linux] ==> ignore
    arg [-pie] ==> ignore
    arg [-o] ==> ignore
    arg [cmTC_10b7a] ==> ignore
    arg [/home/bk/Desktop/8295/sysroots/cortexa78c-oe-linux/usr/lib/Scrt1.o] ==> obj [/home/bk/Desktop/8295/sysroots/cortexa78c-oe-linux/usr/lib/Scrt1.o]
    arg [/home/bk/Desktop/8295/sysroots/cortexa78c-oe-linux/usr/lib/crti.o] ==> obj [/home/bk/Desktop/8295/sysroots/cortexa78c-oe-linux/usr/lib/crti.o]
    arg [/home/bk/Desktop/8295/sysroots/cortexa78c-oe-linux/usr/lib/aarch64-oe-linux/11.2.0/crtbeginS.o] ==> obj [/home/bk/Desktop/8295/sysroots/cortexa78c-oe-linux/usr/lib/aarch64-oe-linux/11.2.0/crtbeginS.o]
    arg [-L/home/bk/Desktop/8295/sysroots/x86_64-oesdk-linux/usr/lib/aarch64-oe-linux/gcc/aarch64-oe-linux/11.2.0] ==> dir [/home/bk/Desktop/8295/sysroots/x86_64-oesdk-linux/usr/lib/aarch64-oe-linux/gcc/aarch64-oe-linux/11.2.0]
    arg [-L/home/bk/Desktop/8295/sysroots/cortexa78c-oe-linux/lib] ==> dir [/home/bk/Desktop/8295/sysroots/cortexa78c-oe-linux/lib]
    arg [-L/home/bk/Desktop/8295/sysroots/cortexa78c-oe-linux/usr/lib/aarch64-oe-linux/11.2.0] ==> dir [/home/bk/Desktop/8295/sysroots/cortexa78c-oe-linux/usr/lib/aarch64-oe-linux/11.2.0]
    arg [-L/home/bk/Desktop/8295/sysroots/cortexa78c-oe-linux/usr/lib] ==> dir [/home/bk/Desktop/8295/sysroots/cortexa78c-oe-linux/usr/lib]
    arg [-O1] ==> ignore
    arg [--hash-style=gnu] ==> ignore
    arg [--as-needed] ==> ignore
    arg [-zrelro] ==> ignore
    arg [-znow] ==> ignore
    arg [-znoexecstack] ==> ignore
    arg [CMakeFiles/cmTC_10b7a.dir/CMakeCCompilerABI.c.o] ==> ignore
    arg [-lgcc] ==> lib [gcc]
    arg [--push-state] ==> ignore
    arg [--as-needed] ==> ignore
    arg [-lgcc_s] ==> lib [gcc_s]
    arg [--pop-state] ==> ignore
    arg [-lc] ==> lib [c]
    arg [-lgcc] ==> lib [gcc]
    arg [--push-state] ==> ignore
    arg [--as-needed] ==> ignore
    arg [-lgcc_s] ==> lib [gcc_s]
    arg [--pop-state] ==> ignore
    arg [/home/bk/Desktop/8295/sysroots/cortexa78c-oe-linux/usr/lib/aarch64-oe-linux/11.2.0/crtendS.o] ==> obj [/home/bk/Desktop/8295/sysroots/cortexa78c-oe-linux/usr/lib/aarch64-oe-linux/11.2.0/crtendS.o]
    arg [/home/bk/Desktop/8295/sysroots/cortexa78c-oe-linux/usr/lib/crtn.o] ==> obj [/home/bk/Desktop/8295/sysroots/cortexa78c-oe-linux/usr/lib/crtn.o]
  collapse library dir [/home/bk/Desktop/8295/sysroots/x86_64-oesdk-linux/usr/lib/aarch64-oe-linux/gcc/aarch64-oe-linux/11.2.0] ==> [/home/bk/Desktop/8295/sysroots/x86_64-oesdk-linux/usr/lib/aarch64-oe-linux/gcc/aarch64-oe-linux/11.2.0]
  collapse library dir [/home/bk/Desktop/8295/sysroots/cortexa78c-oe-linux/lib] ==> [/home/bk/Desktop/8295/sysroots/cortexa78c-oe-linux/lib]
  collapse library dir [/home/bk/Desktop/8295/sysroots/cortexa78c-oe-linux/usr/lib/aarch64-oe-linux/11.2.0] ==> [/home/bk/Desktop/8295/sysroots/cortexa78c-oe-linux/usr/lib/aarch64-oe-linux/11.2.0]
  collapse library dir [/home/bk/Desktop/8295/sysroots/cortexa78c-oe-linux/usr/lib] ==> [/home/bk/Desktop/8295/sysroots/cortexa78c-oe-linux/usr/lib]
  implicit libs: [gcc;gcc_s;c;gcc;gcc_s]
  implicit objs: [/home/bk/Desktop/8295/sysroots/cortexa78c-oe-linux/usr/lib/Scrt1.o;/home/bk/Desktop/8295/sysroots/cortexa78c-oe-linux/usr/lib/crti.o;/home/bk/Desktop/8295/sysroots/cortexa78c-oe-linux/usr/lib/aarch64-oe-linux/11.2.0/crtbeginS.o;/home/bk/Desktop/8295/sysroots/cortexa78c-oe-linux/usr/lib/aarch64-oe-linux/11.2.0/crtendS.o;/home/bk/Desktop/8295/sysroots/cortexa78c-oe-linux/usr/lib/crtn.o]
  implicit dirs: [/home/bk/Desktop/8295/sysroots/x86_64-oesdk-linux/usr/lib/aarch64-oe-linux/gcc/aarch64-oe-linux/11.2.0;/home/bk/Desktop/8295/sysroots/cortexa78c-oe-linux/lib;/home/bk/Desktop/8295/sysroots/cortexa78c-oe-linux/usr/lib/aarch64-oe-linux/11.2.0;/home/bk/Desktop/8295/sysroots/cortexa78c-oe-linux/usr/lib]
  implicit fwks: []


